{"name": "test_09_Steaks", "status": "broken", "statusDetails": {"message": "selenium.common.exceptions.NoSuchElementException: Message: no such element: Unable to locate element: {\"method\":\"xpath\",\"selector\":\"//*[contains(text(),'())')]/ancestor::div//ancestor::div//ancestor::div//ancestor::div/div[1]/div/label/div[1]/span[1]\"}\n  (Session info: chrome=110.0.5481.178)", "trace": "self = <test_menuitems.TestMenuItems testMethod=test_09_Steaks>\n\n    @allure.description(\"To verify Steaks added in cart successfully\")\n    def test_09_Steaks(self):\n        By_xpath = self.driver.find_element_by_xpath\n        try:\n            f = open(\"data.json\", \"r\")\n            data = json.loads(f.read())\n            time.sleep(2)\n            sign_in(self.driver, data[\"username3\"], data[\"password\"])\n            for m in data[\"Steaks\"]:\n                print(m)\n                execute_click_by_product(self.driver, m)\n                select_product(self.driver, m[\"menuitem\"])\n                time.sleep(2)\n                select_toppings(\n                    self.driver, m[\"additional_topping\"], m[\"platter\"])\n                add_to_bag_and_verify_cart_details(self.driver)\n            increase_item_in_cart(self.driver)\n            time.sleep(2)\n            decrease_item_in_cart(self.driver)\n            time.sleep(2)\n            print(\"Test case 09 ran successfully\")\n            # time.sleep(5)\n            f.close()\n        except Exception as e:\n            allure.attach(self.driver.get_screenshot_as_png(\n            ), name='exception_screen', attachment_type=AttachmentType.PNG)\n>           raise e\n\ntest_menuitems.py:278: \n_ _ _ _ _ _ _ _ _ _ _ _ _ _ _ _ _ _ _ _ _ _ _ _ _ _ _ _ _ _ _ _ _ _ _ _ _ _ _ _ _ _ _ _ _ _ _ _ _ _ _ _ _ _ _ _ _ _ _ _ _ _ _ _ _ _ _ _ _ _ _ _ _ _ _ _ _ _ _\ntest_menuitems.py:266: in test_09_Steaks\n    self.driver, m[\"additional_topping\"], m[\"platter\"])\nmethods.py:464: in select_toppings\n    raise e\nmethods.py:461: in select_toppings\n    raise ex\nmethods.py:453: in select_toppings\n    \"//*[contains(text(),'())')]/ancestor::div//ancestor::div//ancestor::div//ancestor::div/div[1]/div/label/div[1]/span[1]\".format(topping))\n..\\..\\..\\AppData\\Roaming\\Python\\Python37\\site-packages\\selenium\\webdriver\\remote\\webdriver.py:394: in find_element_by_xpath\n    return self.find_element(by=By.XPATH, value=xpath)\n..\\..\\..\\AppData\\Roaming\\Python\\Python37\\site-packages\\selenium\\webdriver\\remote\\webdriver.py:978: in find_element\n    'value': value})['value']\n..\\..\\..\\AppData\\Roaming\\Python\\Python37\\site-packages\\selenium\\webdriver\\remote\\webdriver.py:321: in execute\n    self.error_handler.check_response(response)\n_ _ _ _ _ _ _ _ _ _ _ _ _ _ _ _ _ _ _ _ _ _ _ _ _ _ _ _ _ _ _ _ _ _ _ _ _ _ _ _ _ _ _ _ _ _ _ _ _ _ _ _ _ _ _ _ _ _ _ _ _ _ _ _ _ _ _ _ _ _ _ _ _ _ _ _ _ _ _\n\nself = <selenium.webdriver.remote.errorhandler.ErrorHandler object at 0x000001D1E5B3AB48>\nresponse = {'status': 404, 'value': '{\"value\":{\"error\":\"no such element\",\"message\":\"no such element: Unable to locate element: {\\...\\n\\\\tRtlGetAppContainerNamedObjectPath [0x77CE7BBE+286]\\\\n\\\\tRtlGetAppContainerNamedObjectPath [0x77CE7B8E+238]\\\\n\"}}'}\n\n    def check_response(self, response):\n        \"\"\"\n        Checks that a JSON response from the WebDriver does not have an error.\n    \n        :Args:\n         - response - The JSON response from the WebDriver server as a dictionary\n           object.\n    \n        :Raises: If the response contains an error message.\n        \"\"\"\n        status = response.get('status', None)\n        if status is None or status == ErrorCode.SUCCESS:\n            return\n        value = None\n        message = response.get(\"message\", \"\")\n        screen = response.get(\"screen\", \"\")\n        stacktrace = None\n        if isinstance(status, int):\n            value_json = response.get('value', None)\n            if value_json and isinstance(value_json, basestring):\n                import json\n                try:\n                    value = json.loads(value_json)\n                    if len(value.keys()) == 1:\n                        value = value['value']\n                    status = value.get('error', None)\n                    if status is None:\n                        status = value[\"status\"]\n                        message = value[\"value\"]\n                        if not isinstance(message, basestring):\n                            value = message\n                            message = message.get('message')\n                    else:\n                        message = value.get('message', None)\n                except ValueError:\n                    pass\n    \n        exception_class = ErrorInResponseException\n        if status in ErrorCode.NO_SUCH_ELEMENT:\n            exception_class = NoSuchElementException\n        elif status in ErrorCode.NO_SUCH_FRAME:\n            exception_class = NoSuchFrameException\n        elif status in ErrorCode.NO_SUCH_WINDOW:\n            exception_class = NoSuchWindowException\n        elif status in ErrorCode.STALE_ELEMENT_REFERENCE:\n            exception_class = StaleElementReferenceException\n        elif status in ErrorCode.ELEMENT_NOT_VISIBLE:\n            exception_class = ElementNotVisibleException\n        elif status in ErrorCode.INVALID_ELEMENT_STATE:\n            exception_class = InvalidElementStateException\n        elif status in ErrorCode.INVALID_SELECTOR \\\n                or status in ErrorCode.INVALID_XPATH_SELECTOR \\\n                or status in ErrorCode.INVALID_XPATH_SELECTOR_RETURN_TYPER:\n            exception_class = InvalidSelectorException\n        elif status in ErrorCode.ELEMENT_IS_NOT_SELECTABLE:\n            exception_class = ElementNotSelectableException\n        elif status in ErrorCode.ELEMENT_NOT_INTERACTABLE:\n            exception_class = ElementNotInteractableException\n        elif status in ErrorCode.INVALID_COOKIE_DOMAIN:\n            exception_class = InvalidCookieDomainException\n        elif status in ErrorCode.UNABLE_TO_SET_COOKIE:\n            exception_class = UnableToSetCookieException\n        elif status in ErrorCode.TIMEOUT:\n            exception_class = TimeoutException\n        elif status in ErrorCode.SCRIPT_TIMEOUT:\n            exception_class = TimeoutException\n        elif status in ErrorCode.UNKNOWN_ERROR:\n            exception_class = WebDriverException\n        elif status in ErrorCode.UNEXPECTED_ALERT_OPEN:\n            exception_class = UnexpectedAlertPresentException\n        elif status in ErrorCode.NO_ALERT_OPEN:\n            exception_class = NoAlertPresentException\n        elif status in ErrorCode.IME_NOT_AVAILABLE:\n            exception_class = ImeNotAvailableException\n        elif status in ErrorCode.IME_ENGINE_ACTIVATION_FAILED:\n            exception_class = ImeActivationFailedException\n        elif status in ErrorCode.MOVE_TARGET_OUT_OF_BOUNDS:\n            exception_class = MoveTargetOutOfBoundsException\n        elif status in ErrorCode.JAVASCRIPT_ERROR:\n            exception_class = JavascriptException\n        elif status in ErrorCode.SESSION_NOT_CREATED:\n            exception_class = SessionNotCreatedException\n        elif status in ErrorCode.INVALID_ARGUMENT:\n            exception_class = InvalidArgumentException\n        elif status in ErrorCode.NO_SUCH_COOKIE:\n            exception_class = NoSuchCookieException\n        elif status in ErrorCode.UNABLE_TO_CAPTURE_SCREEN:\n            exception_class = ScreenshotException\n        elif status in ErrorCode.ELEMENT_CLICK_INTERCEPTED:\n            exception_class = ElementClickInterceptedException\n        elif status in ErrorCode.INSECURE_CERTIFICATE:\n            exception_class = InsecureCertificateException\n        elif status in ErrorCode.INVALID_COORDINATES:\n            exception_class = InvalidCoordinatesException\n        elif status in ErrorCode.INVALID_SESSION_ID:\n            exception_class = InvalidSessionIdException\n        elif status in ErrorCode.UNKNOWN_METHOD:\n            exception_class = UnknownMethodException\n        else:\n            exception_class = WebDriverException\n        if value == '' or value is None:\n            value = response['value']\n        if isinstance(value, basestring):\n            if exception_class == ErrorInResponseException:\n                raise exception_class(response, value)\n            raise exception_class(value)\n        if message == \"\" and 'message' in value:\n            message = value['message']\n    \n        screen = None\n        if 'screen' in value:\n            screen = value['screen']\n    \n        stacktrace = None\n        if 'stackTrace' in value and value['stackTrace']:\n            stacktrace = []\n            try:\n                for frame in value['stackTrace']:\n                    line = self._value_or_default(frame, 'lineNumber', '')\n                    file = self._value_or_default(frame, 'fileName', '<anonymous>')\n                    if line:\n                        file = \"%s:%s\" % (file, line)\n                    meth = self._value_or_default(frame, 'methodName', '<anonymous>')\n                    if 'className' in frame:\n                        meth = \"%s.%s\" % (frame['className'], meth)\n                    msg = \"    at %s (%s)\"\n                    msg = msg % (meth, file)\n                    stacktrace.append(msg)\n            except TypeError:\n                pass\n        if exception_class == ErrorInResponseException:\n            raise exception_class(response, message)\n        elif exception_class == UnexpectedAlertPresentException:\n            alert_text = None\n            if 'data' in value:\n                alert_text = value['data'].get('text')\n            elif 'alert' in value:\n                alert_text = value['alert'].get('text')\n            raise exception_class(message, screen, stacktrace, alert_text)\n>       raise exception_class(message, screen, stacktrace)\nE       selenium.common.exceptions.NoSuchElementException: Message: no such element: Unable to locate element: {\"method\":\"xpath\",\"selector\":\"//*[contains(text(),'())')]/ancestor::div//ancestor::div//ancestor::div//ancestor::div/div[1]/div/label/div[1]/span[1]\"}\nE         (Session info: chrome=110.0.5481.178)\n\n..\\..\\..\\AppData\\Roaming\\Python\\Python37\\site-packages\\selenium\\webdriver\\remote\\errorhandler.py:242: NoSuchElementException"}, "description": "To verify Steaks added in cart successfully", "steps": [{"name": "To fetch the website with url: 'https://stage.bestintownpizza.com/home'", "status": "passed", "attachments": [{"name": "website_screen", "source": "3a89ce96-953f-4826-aa5b-7904a823d409-attachment.png", "type": "image/png"}], "parameters": [{"name": "driver", "value": "<selenium.webdriver.chrome.webdriver.WebDriver (session=\"4ec0a4dbed4e6d75125598364208b3b8\")>"}, {"name": "site_url", "value": "'https://stage.bestintownpizza.com/home'"}], "start": 1677776331863, "stop": 1677776343776}, {"name": "To verify that user is able to sign in with any email id.", "status": "passed", "attachments": [{"name": "Signin_screen", "source": "8fc78c94-967b-4e5a-8302-ac31a039d496-attachment.png", "type": "image/png"}], "parameters": [{"name": "driver", "value": "<selenium.webdriver.chrome.webdriver.WebDriver (session=\"4ec0a4dbed4e6d75125598364208b3b8\")>"}, {"name": "email", "value": "'ritutanwar1510@gmail.com'"}, {"name": "password", "value": "'Ritu@1510'"}], "start": 1677776345779, "stop": 1677776354449}, {"name": "To perform click operation on the element specified in list:'Steaks'", "status": "passed", "parameters": [{"name": "driver", "value": "<selenium.webdriver.chrome.webdriver.WebDriver (session=\"4ec0a4dbed4e6d75125598364208b3b8\")>"}, {"name": "productname", "value": "'Steaks'"}], "start": 1677776354450, "stop": 1677776354548}, {"name": "To be able to select desired product", "status": "passed", "attachments": [{"name": "toppings_screen", "source": "b3064a3f-52b7-4fc6-9e40-73c8fb60041b-attachment.png", "type": "image/png"}], "parameters": [{"name": "driver", "value": "<selenium.webdriver.chrome.webdriver.WebDriver (session=\"4ec0a4dbed4e6d75125598364208b3b8\")>"}, {"name": "productname", "value": "'Pizza Steak'"}], "start": 1677776357554, "stop": 1677776358044}, {"name": "To be able to select desired quantity", "status": "broken", "statusDetails": {"message": "selenium.common.exceptions.NoSuchElementException: Message: no such element: Unable to locate element: {\"method\":\"xpath\",\"selector\":\"//*[contains(text(),'())')]/ancestor::div//ancestor::div//ancestor::div//ancestor::div/div[1]/div/label/div[1]/span[1]\"}\n  (Session info: chrome=110.0.5481.178)\n\n", "trace": "  File \"c:\\python37\\lib\\site-packages\\allure_commons\\_allure.py\", line 172, in impl\n    return func(*a, **kw)\n  File \"C:\\Users\\Digital Suppliers\\Documents\\GitHub\\bestintown\\methods.py\", line 464, in select_toppings\n    raise e\n  File \"C:\\Users\\Digital Suppliers\\Documents\\GitHub\\bestintown\\methods.py\", line 461, in select_toppings\n    raise ex\n  File \"C:\\Users\\Digital Suppliers\\Documents\\GitHub\\bestintown\\methods.py\", line 453, in select_toppings\n    \"//*[contains(text(),'())')]/ancestor::div//ancestor::div//ancestor::div//ancestor::div/div[1]/div/label/div[1]/span[1]\".format(topping))\n  File \"C:\\Users\\Digital Suppliers\\AppData\\Roaming\\Python\\Python37\\site-packages\\selenium\\webdriver\\remote\\webdriver.py\", line 394, in find_element_by_xpath\n    return self.find_element(by=By.XPATH, value=xpath)\n  File \"C:\\Users\\Digital Suppliers\\AppData\\Roaming\\Python\\Python37\\site-packages\\selenium\\webdriver\\remote\\webdriver.py\", line 978, in find_element\n    'value': value})['value']\n  File \"C:\\Users\\Digital Suppliers\\AppData\\Roaming\\Python\\Python37\\site-packages\\selenium\\webdriver\\remote\\webdriver.py\", line 321, in execute\n    self.error_handler.check_response(response)\n  File \"C:\\Users\\Digital Suppliers\\AppData\\Roaming\\Python\\Python37\\site-packages\\selenium\\webdriver\\remote\\errorhandler.py\", line 242, in check_response\n    raise exception_class(message, screen, stacktrace)\n"}, "attachments": [{"name": "toppings_screen_failure", "source": "13a04307-2b05-4868-b165-b638edb81ca8-attachment.png", "type": "image/png"}], "parameters": [{"name": "driver", "value": "<selenium.webdriver.chrome.webdriver.WebDriver (session=\"4ec0a4dbed4e6d75125598364208b3b8\")>"}, {"name": "platter", "value": "'Mayo'"}, {"name": "topping", "value": "'Make it a Platter'"}], "start": 1677776360060, "stop": 1677776365362}], "attachments": [{"name": "exception_screen", "source": "cb2bd785-85f0-4986-a164-4a7d6bf62230-attachment.png", "type": "image/png"}], "start": 1677776330439, "stop": 1677776368122, "uuid": "d7a2202e-75c8-4d47-900f-cfee6375ce8f", "historyId": "f73b1654d2447dafc2eb2b99acd8cb11", "testCaseId": "63f4a9dff5c2f5f17db6bb8a7990dca0", "fullName": "test_suite.TestMenuItems#test_09_Steaks", "labels": [{"name": "suite", "value": "test_suite"}, {"name": "subSuite", "value": "TestMenuItems"}, {"name": "host", "value": "DESKTOP-JHQBC5Q"}, {"name": "thread", "value": "8724-MainThread"}, {"name": "framework", "value": "pytest"}, {"name": "language", "value": "cpython3"}, {"name": "package", "value": "test_suite"}]}