{"name": "test_01_later_order_type", "status": "failed", "statusDetails": {"message": "AssertionError", "trace": "self = <test_schedule_order.TestOrderSettings testMethod=test_01_later_order_type>\n\n    @allure.description(\"To verify that we can schedule our order for later days as well\")\n    def test_01_later_order_type(self):\n        By_xpath = self.driver.find_element_by_xpath\n        try:\n            f = open(\"data.json\", \"r\")\n            data = json.loads(f.read())\n            time.sleep(5)\n            later_order_setting(self.driver, \"12:45 PM\")\n            sign_in(self.driver, data[\"username3\"], data[\"password\"])\n            for m in data[\"combo_item\"]:\n                print(m)\n                execute_click_by_product(self.driver, m)\n                select_product(self.driver, m[\"menuitem\"])\n                select_combo_item(self.driver, \"Regular Crust\")\n                add_to_bag_and_verify_cart_details_combo(self.driver)\n                Checkout_to_paymentscreen(self.driver)\n                time.sleep(3)\n                place_ur_order_from_payment(self.driver, \"Delivery\")\n                time.sleep(2)\n            f.close()\n        except Exception as e:\n            allure.attach(self.driver.get_screenshot_as_png(\n            ), name='exception_screen', attachment_type=AttachmentType.PNG)\n>           raise e\n\ntest_schedule_order.py:63: \n_ _ _ _ _ _ _ _ _ _ _ _ _ _ _ _ _ _ _ _ _ _ _ _ _ _ _ _ _ _ _ _ _ _ _ _ _ _ _ _ _ _ _ _ _ _ _ _ _ _ _ _ _ _ _ _ _ _ _ _ _ _ _ _ _ _ _ _ _ _ _ _ _ _ _ _ _ _ _\ntest_schedule_order.py:47: in test_01_later_order_type\n    later_order_setting(self.driver, \"12:45 PM\")\nmethods.py:1134: in later_order_setting\n    raise e\n_ _ _ _ _ _ _ _ _ _ _ _ _ _ _ _ _ _ _ _ _ _ _ _ _ _ _ _ _ _ _ _ _ _ _ _ _ _ _ _ _ _ _ _ _ _ _ _ _ _ _ _ _ _ _ _ _ _ _ _ _ _ _ _ _ _ _ _ _ _ _ _ _ _ _ _ _ _ _\n\ndriver = <selenium.webdriver.chrome.webdriver.WebDriver (session=\"ed57ff6e7097d8db1d3d7f03895c313c\")>, order_time = '12:45 PM'\n\n    @allure.step(\"Later order setting to Delivery option\")\n    def later_order_setting(driver, order_time):\n        By_xpath = driver.find_element_by_xpath\n        try:\n            order_date = future_date(driver)\n            By_xpath(ordertypeselectors.calender).click()\n            By_xpath(ordertypeselectors.later).click()\n            cal_dates = driver.find_elements_by_xpath(\n                \"//*[@class='datepicker--cell datepicker--cell-day']\")\n            cal_dates_weekend = cal_dates = driver.find_elements_by_xpath(\n                \"//*[@class='datepicker--cell datepicker--cell-day -weekend-']\")\n            print(cal_dates)\n            print(cal_dates_weekend)\n            for i in cal_dates:\n                print(\"in for11\")\n                if i.get_attribute(\"data-date\") == str(order_date):\n                    i.click()\n                    break\n    \n            for i in cal_dates_weekend:\n                print(\"in for\")\n                if i.get_attribute(\"data-date\") == str(order_date):\n                    i.click()\n                    break\n            By_xpath(ordertypeselectors.select_time).click()\n            time.sleep(1)\n            available_time = driver.find_elements_by_xpath(\n                \"//*[@class='ui-menu-item']\")\n            for i in available_time:\n                if i.text == (order_time):\n                    i.click()\n                    break\n            time.sleep(2)\n            By_xpath(ordertypeselectors.save_time).click()\n            time.sleep(5)\n            later_date = By_xpath(ordertypeselectors.calender).text\n            print(later_date)\n            assert str(order_time) in later_date\n>           assert str(order_date) in later_date\nE           AssertionError\n\nmethods.py:1132: AssertionError"}, "description": "To verify that we can schedule our order for later days as well", "steps": [{"name": "To fetch the website with url: 'https://stage.bestintownpizza.com/home'", "status": "passed", "attachments": [{"name": "website_screen", "source": "fa3c2487-dead-45c8-b11a-9443c1a74fc3-attachment.png", "type": "image/png"}], "parameters": [{"name": "driver", "value": "<selenium.webdriver.chrome.webdriver.WebDriver (session=\"ed57ff6e7097d8db1d3d7f03895c313c\")>"}, {"name": "site_url", "value": "'https://stage.bestintownpizza.com/home'"}], "start": 1679309521126, "stop": 1679309527023}, {"name": "Later order setting to Delivery option", "status": "failed", "statusDetails": {"message": "AssertionError\n", "trace": "  File \"c:\\python37\\lib\\site-packages\\allure_commons\\_allure.py\", line 172, in impl\n    return func(*a, **kw)\n  File \"C:\\Users\\Digital Suppliers\\Documents\\GitHub\\bestintown\\methods.py\", line 1134, in later_order_setting\n    raise e\n  File \"C:\\Users\\Digital Suppliers\\Documents\\GitHub\\bestintown\\methods.py\", line 1132, in later_order_setting\n    assert str(order_date) in later_date\n"}, "parameters": [{"name": "driver", "value": "<selenium.webdriver.chrome.webdriver.WebDriver (session=\"ed57ff6e7097d8db1d3d7f03895c313c\")>"}, {"name": "order_time", "value": "'12:45 PM'"}], "start": 1679309532030, "stop": 1679309541167}], "attachments": [{"name": "exception_screen", "source": "fae6fed6-6ac1-4c05-8f2e-606d56ba5bd9-attachment.png", "type": "image/png"}], "start": 1679309519483, "stop": 1679309544860, "uuid": "4068b820-af0d-4235-b3ab-fb8f39329b3d", "historyId": "7fb157d621510ab770682ea1387e5f88", "testCaseId": "9375cad51585429b866b32f063e93dd5", "fullName": "test_suite.TestOrderSettings#test_01_later_order_type", "labels": [{"name": "suite", "value": "test_suite"}, {"name": "subSuite", "value": "TestOrderSettings"}, {"name": "host", "value": "DESKTOP-JHQBC5Q"}, {"name": "thread", "value": "21400-MainThread"}, {"name": "framework", "value": "pytest"}, {"name": "language", "value": "cpython3"}, {"name": "package", "value": "test_suite"}]}